<?xml version="1.0" encoding="UTF-8" ?>
<testsuite tests="4" failures="0" name="com.karma.test.ShipmentRTest" time="0.101" errors="0" skipped="0">
  <properties>
[...]
</properties>
  <testcase classname="com.karma.test.ShipmentRTest" name="shouldNotReplaceMissingItems" time="0.101"/>
  <testcase classname="com.karma.test.ShipmentRTest" name="shouldIdentifyVanRequirement" time="0"/>
  <testcase classname="com.karma.test.ShipmentRTest" name="shouldReplaceItem" time="0"/>
  <testcase classname="com.karma.test.ShipmentRTest" name="shouldAddItems" time="0"/>
</testsuite>